2023-04-05 10:16:18.180 INFO  (main) [   ] o.e.j.u.log Logging initialized @3470ms to org.eclipse.jetty.util.log.Slf4jLog
2023-04-05 10:16:18.768 INFO  (main) [   ] o.e.j.s.Server jetty-9.4.44.v20210927; built: 2021-09-27T23:02:44.612Z; git: 8da83308eeca865e495e53ef315a249d63ba9332; jvm 17.0.3.1+2-LTS-6
2023-04-05 10:16:18.777 INFO  (main) [   ] o.e.j.d.p.ScanningAppProvider Deployment monitor [file:///D:/cz4031_ir/deployment/solr-8.11.2/server/contexts/] at interval 0
2023-04-05 10:16:20.861 INFO  (main) [   ] o.e.j.w.StandardDescriptorProcessor NO JSP Support for /solr, did not find org.apache.jasper.servlet.JspServlet
2023-04-05 10:16:20.885 INFO  (main) [   ] o.e.j.s.session DefaultSessionIdManager workerName=node0
2023-04-05 10:16:20.885 INFO  (main) [   ] o.e.j.s.session No SessionScavenger set, using defaults
2023-04-05 10:16:20.890 INFO  (main) [   ] o.e.j.s.session node0 Scavenging every 660000ms
2023-04-05 10:16:21.284 INFO  (main) [   ] o.a.s.s.SolrDispatchFilter Using logger factory org.apache.logging.slf4j.Log4jLoggerFactory
2023-04-05 10:16:21.348 INFO  (main) [   ] o.a.s.s.SolrDispatchFilter  ___      _       Welcome to Apache Solr™ version 8.11.2
2023-04-05 10:16:21.348 INFO  (main) [   ] o.a.s.s.SolrDispatchFilter / __| ___| |_ _   Starting in standalone mode on port 8983
2023-04-05 10:16:21.348 INFO  (main) [   ] o.a.s.s.SolrDispatchFilter \__ \/ _ \ | '_|  Install dir: D:\cz4031_ir\deployment\solr-8.11.2
2023-04-05 10:16:21.348 INFO  (main) [   ] o.a.s.s.SolrDispatchFilter |___/\___/_|_|    Start time: 2023-04-05T10:16:21.348885200Z
2023-04-05 10:16:21.356 INFO  (main) [   ] o.a.s.c.SolrPaths Using system property solr.solr.home: D:\cz4031_ir\deployment\solr-8.11.2\server\solr
2023-04-05 10:16:21.356 INFO  (main) [   ] o.a.s.c.SolrXmlConfig Loading container configuration from D:\cz4031_ir\deployment\solr-8.11.2\server\solr\solr.xml
2023-04-05 10:16:21.653 INFO  (main) [   ] o.a.s.c.SolrXmlConfig MBean server found: com.sun.jmx.mbeanserver.JmxMBeanServer@1b1cfb87, but no JMX reporters were configured - adding default JMX reporter.
2023-04-05 10:16:22.358 INFO  (main) [   ] o.a.s.h.c.HttpShardHandlerFactory Host whitelist initialized: WhitelistHostChecker [whitelistHosts=null, whitelistHostCheckingEnabled=true]
2023-04-05 10:16:22.680 WARN  (main) [   ] o.e.j.u.s.S.config Trusting all certificates configured for Client@161f6623[provider=null,keyStore=null,trustStore=null]
2023-04-05 10:16:22.680 WARN  (main) [   ] o.e.j.u.s.S.config No Client EndPointIdentificationAlgorithm configured for Client@161f6623[provider=null,keyStore=null,trustStore=null]
2023-04-05 10:16:22.791 WARN  (main) [   ] o.e.j.u.s.S.config Trusting all certificates configured for Client@65b97f47[provider=null,keyStore=null,trustStore=null]
2023-04-05 10:16:22.791 WARN  (main) [   ] o.e.j.u.s.S.config No Client EndPointIdentificationAlgorithm configured for Client@65b97f47[provider=null,keyStore=null,trustStore=null]
2023-04-05 10:16:22.901 WARN  (main) [   ] o.a.s.c.CoreContainer Not all security plugins configured!  authentication=disabled authorization=disabled.  Solr is only as secure as you make it. Consider configuring authentication/authorization before exposing Solr to users internal or external.  See https://s.apache.org/solrsecurity for more info
2023-04-05 10:16:23.057 INFO  (main) [   ] o.a.s.c.TransientSolrCoreCacheDefault Allocating transient core cache for max 2147483647 cores with initial capacity of 1024
2023-04-05 10:16:23.078 INFO  (main) [   ] o.a.s.h.a.MetricsHistoryHandler No .system collection, keeping metrics history in memory.
2023-04-05 10:16:23.239 INFO  (main) [   ] o.a.s.m.r.SolrJmxReporter JMX monitoring for 'solr.node' (registry 'solr.node') enabled at server: com.sun.jmx.mbeanserver.JmxMBeanServer@1b1cfb87
2023-04-05 10:16:23.239 INFO  (main) [   ] o.a.s.m.r.SolrJmxReporter JMX monitoring for 'solr.jvm' (registry 'solr.jvm') enabled at server: com.sun.jmx.mbeanserver.JmxMBeanServer@1b1cfb87
2023-04-05 10:16:23.240 INFO  (main) [   ] o.a.s.m.r.SolrJmxReporter JMX monitoring for 'solr.jetty' (registry 'solr.jetty') enabled at server: com.sun.jmx.mbeanserver.JmxMBeanServer@1b1cfb87
2023-04-05 10:16:23.294 INFO  (main) [   ] o.a.s.c.CorePropertiesLocator Found 1 core definitions underneath D:\cz4031_ir\deployment\solr-8.11.2\server\solr
2023-04-05 10:16:23.294 INFO  (main) [   ] o.a.s.c.CorePropertiesLocator Cores are: [stock_project_core]
2023-04-05 10:16:23.353 INFO  (coreLoadExecutor-13-thread-1) [   x:stock_project_core] o.a.s.c.SolrConfig Using Lucene MatchVersion: 8.11.2
2023-04-05 10:16:23.401 WARN  (coreLoadExecutor-13-thread-1) [   x:stock_project_core] o.a.s.c.SolrConfig solrconfig.xml: <jmx> is no longer supported, use solr.xml:/metrics/reporter section instead
2023-04-05 10:16:23.455 INFO  (coreLoadExecutor-13-thread-1) [   x:stock_project_core] o.a.s.s.IndexSchema Schema name=default-config
2023-04-05 10:16:23.720 WARN  (coreLoadExecutor-13-thread-1) [   x:stock_project_core] o.a.s.D.s.SynonymFilterFactory Solr loaded a deprecated plugin/analysis class [solr.SynonymFilterFactory]. Please consult documentation how to replace it accordingly.
2023-04-05 10:16:24.173 INFO  (main) [   ] o.e.j.s.h.ContextHandler Started o.e.j.w.WebAppContext@6ffab045{/solr,file:///D:/cz4031_ir/deployment/solr-8.11.2/server/solr-webapp/webapp/,AVAILABLE}{D:\cz4031_ir\deployment\solr-8.11.2\server/solr-webapp/webapp}
2023-04-05 10:16:24.196 INFO  (main) [   ] o.e.j.s.AbstractConnector Started ServerConnector@1021f6c9{HTTP/1.1, (http/1.1, h2c)}{0.0.0.0:8983}
2023-04-05 10:16:24.196 INFO  (main) [   ] o.e.j.s.Server Started @9488ms
2023-04-05 10:16:24.708 INFO  (coreLoadExecutor-13-thread-1) [   x:stock_project_core] o.a.s.s.IndexSchema Loaded schema default-config/1.6 with uniqueid field id
2023-04-05 10:16:24.742 INFO  (coreLoadExecutor-13-thread-1) [   x:stock_project_core] o.a.s.c.CoreContainer Creating SolrCore 'stock_project_core' using configuration from instancedir D:\cz4031_ir\deployment\solr-8.11.2\server\solr\stock_project_core, trusted=true
2023-04-05 10:16:24.838 INFO  (coreLoadExecutor-13-thread-1) [   x:stock_project_core] o.a.s.m.r.SolrJmxReporter JMX monitoring for 'solr.core.stock_project_core' (registry 'solr.core.stock_project_core') enabled at server: com.sun.jmx.mbeanserver.JmxMBeanServer@1b1cfb87
2023-04-05 10:16:24.899 INFO  (coreLoadExecutor-13-thread-1) [   x:stock_project_core] o.a.s.c.SolrCore [[stock_project_core] ] Opening new SolrCore at [D:\cz4031_ir\deployment\solr-8.11.2\server\solr\stock_project_core], dataDir=[D:\cz4031_ir\deployment\solr-8.11.2\server\solr\stock_project_core\data\]
2023-04-05 10:16:25.699 INFO  (coreLoadExecutor-13-thread-1) [   x:stock_project_core] o.a.s.u.UpdateHandler Using UpdateLog implementation: org.apache.solr.update.UpdateLog
2023-04-05 10:16:25.699 INFO  (coreLoadExecutor-13-thread-1) [   x:stock_project_core] o.a.s.u.UpdateLog Initializing UpdateLog: dataDir= defaultSyncLevel=FLUSH numRecordsToKeep=100 maxNumLogsToKeep=10 numVersionBuckets=65536
2023-04-05 10:16:25.765 INFO  (coreLoadExecutor-13-thread-1) [   x:stock_project_core] o.a.s.u.CommitTracker Hard AutoCommit: if uncommitted for 15000ms; 
2023-04-05 10:16:25.765 INFO  (coreLoadExecutor-13-thread-1) [   x:stock_project_core] o.a.s.u.CommitTracker Soft AutoCommit: disabled
2023-04-05 10:16:26.313 INFO  (coreLoadExecutor-13-thread-1) [   x:stock_project_core] o.a.s.r.ManagedResourceStorage File-based storage initialized to use dir: D:\cz4031_ir\deployment\solr-8.11.2\server\solr\stock_project_core\conf
2023-04-05 10:16:26.344 INFO  (coreLoadExecutor-13-thread-1) [   x:stock_project_core] o.a.s.h.c.SpellCheckComponent Initializing spell checkers
2023-04-05 10:16:26.410 INFO  (coreLoadExecutor-13-thread-1) [   x:stock_project_core] o.a.s.h.c.SpellCheckComponent Registering newSearcher listener for spellchecker: default
2023-04-05 10:16:26.418 INFO  (coreLoadExecutor-13-thread-1) [   x:stock_project_core] o.a.s.h.ReplicationHandler Commits will be reserved for 10000 ms
2023-04-05 10:16:26.439 INFO  (searcherExecutor-15-thread-1-processing-x:stock_project_core) [   x:stock_project_core] o.a.s.c.QuerySenderListener QuerySenderListener done.
2023-04-05 10:16:26.439 INFO  (searcherExecutor-15-thread-1-processing-x:stock_project_core) [   x:stock_project_core] o.a.s.h.c.SpellCheckComponent Loading spell index for spellchecker: default
2023-04-05 10:16:26.450 INFO  (searcherExecutor-15-thread-1-processing-x:stock_project_core) [   x:stock_project_core] o.a.s.c.SolrCore [stock_project_core]  Registered new searcher autowarm time: 0 ms
2023-04-05 10:16:27.903 INFO  (qtp917768476-27) [   ] o.a.s.s.HttpSolrCall [admin] webapp=null path=/admin/info/system params={wt=json} status=0 QTime=103
2023-04-05 10:16:40.266 INFO  (qtp917768476-22) [   x:stock_project_core] o.a.s.c.S.Request [stock_project_core]  webapp=/solr path=/select params={q=post_date:*&facet.limit=-1&facet.field=post_date&q.op=OR&facet.mincount=1&facet=true} hits=4298 status=0 QTime=179
2023-04-05 10:16:40.331 INFO  (qtp917768476-23) [   x:stock_project_core] o.a.s.c.S.Request [stock_project_core]  webapp=/solr path=/select params={q=post_date:*&facet.limit=-1&facet.field=post_date&q.op=OR&facet.mincount=1&facet=true} hits=4298 status=0 QTime=10
2023-04-05 10:35:15.432 INFO  (qtp917768476-21) [   x:stock_project_core] o.a.s.c.S.Request [stock_project_core]  webapp=/solr path=/select params={q=clean_text:*&q.op=AND&fq=post_date:[2022-12-31T16:00:00.000Z+TO+2023-03-01T16:00:00.000Z]&rows=10000} hits=4298 status=0 QTime=44
2023-04-05 10:35:41.697 INFO  (qtp917768476-23) [   ] o.a.s.s.HttpSolrCall [admin] webapp=null path=/admin/cores params={indexInfo=false&wt=json&_=1680690941598} status=0 QTime=0
2023-04-05 10:35:41.697 INFO  (qtp917768476-21) [   x:stock_project_core] o.a.s.c.S.Request [stock_project_core]  webapp=/solr path=/select params={q=*:*&indent=true&q.op=OR&_=1680690941681} hits=4298 status=0 QTime=1
2023-04-05 10:35:41.736 INFO  (qtp917768476-29) [   ] o.a.s.s.HttpSolrCall [admin] webapp=null path=/admin/info/system params={wt=json&_=1680690941598} status=0 QTime=40
2023-04-05 11:14:13.174 INFO  (qtp917768476-28) [   x:stock_project_core] o.a.s.c.S.Request [stock_project_core]  webapp=/solr path=/select params={q=post_date:*&facet.limit=-1&facet.field=post_date&q.op=OR&facet.mincount=1&facet=true} hits=4298 status=0 QTime=13
2023-04-05 11:14:13.189 INFO  (qtp917768476-21) [   x:stock_project_core] o.a.s.c.S.Request [stock_project_core]  webapp=/solr path=/select params={q=post_date:*&facet.limit=-1&facet.field=post_date&q.op=OR&facet.mincount=1&facet=true} hits=4298 status=0 QTime=7
2023-04-05 11:14:16.038 INFO  (qtp917768476-20) [   x:stock_project_core] o.a.s.c.S.Request [stock_project_core]  webapp=/solr path=/select params={q=clean_text:"AAPL"&q.op=AND&fq=post_date:[2022-12-31T16:00:00.000Z+TO+2023-03-01T16:00:00.000Z]&rows=10000} hits=891 status=0 QTime=133
2023-04-05 11:15:48.604 INFO  (qtp917768476-21) [   x:stock_project_core] o.a.s.c.S.Request [stock_project_core]  webapp=/solr path=/select params={q=post_date:*&facet.limit=-1&facet.field=post_date&q.op=OR&facet.mincount=1&facet=true} hits=4298 status=0 QTime=9
2023-04-05 11:15:48.618 INFO  (qtp917768476-29) [   x:stock_project_core] o.a.s.c.S.Request [stock_project_core]  webapp=/solr path=/select params={q=post_date:*&facet.limit=-1&facet.field=post_date&q.op=OR&facet.mincount=1&facet=true} hits=4298 status=0 QTime=8
2023-04-05 11:15:50.716 INFO  (qtp917768476-46) [   x:stock_project_core] o.a.s.c.S.Request [stock_project_core]  webapp=/solr path=/select params={q=clean_text:"AAPL"&q.op=AND&fq=post_date:[2022-12-31T16:00:00.000Z+TO+2023-03-01T16:00:00.000Z]&rows=10000} hits=891 status=0 QTime=2
2023-04-05 11:16:13.857 INFO  (qtp917768476-29) [   x:stock_project_core] o.a.s.c.S.Request [stock_project_core]  webapp=/solr path=/select params={q=post_date:*&facet.limit=-1&facet.field=post_date&q.op=OR&facet.mincount=1&facet=true} hits=4298 status=0 QTime=7
2023-04-05 11:16:13.869 INFO  (qtp917768476-20) [   x:stock_project_core] o.a.s.c.S.Request [stock_project_core]  webapp=/solr path=/select params={q=post_date:*&facet.limit=-1&facet.field=post_date&q.op=OR&facet.mincount=1&facet=true} hits=4298 status=0 QTime=6
2023-04-05 11:16:16.455 INFO  (qtp917768476-21) [   x:stock_project_core] o.a.s.c.S.Request [stock_project_core]  webapp=/solr path=/select params={q=post_date:*&facet.limit=-1&facet.field=post_date&q.op=OR&facet.mincount=1&facet=true} hits=4298 status=0 QTime=6
2023-04-05 11:16:16.464 INFO  (qtp917768476-46) [   x:stock_project_core] o.a.s.c.S.Request [stock_project_core]  webapp=/solr path=/select params={q=post_date:*&facet.limit=-1&facet.field=post_date&q.op=OR&facet.mincount=1&facet=true} hits=4298 status=0 QTime=5
2023-04-05 11:16:18.718 INFO  (qtp917768476-29) [   x:stock_project_core] o.a.s.c.S.Request [stock_project_core]  webapp=/solr path=/select params={q=clean_text:"AAPL"&q.op=AND&fq=post_date:[2022-12-31T16:00:00.000Z+TO+2023-03-01T16:00:00.000Z]&rows=10000} hits=891 status=0 QTime=3
2023-04-05 11:20:17.236 INFO  (qtp917768476-26) [   x:stock_project_core] o.a.s.c.S.Request [stock_project_core]  webapp=/solr path=/select params={q=post_date:*&facet.limit=-1&facet.field=post_date&q.op=OR&facet.mincount=1&facet=true} hits=4298 status=0 QTime=6
2023-04-05 11:20:17.247 INFO  (qtp917768476-23) [   x:stock_project_core] o.a.s.c.S.Request [stock_project_core]  webapp=/solr path=/select params={q=post_date:*&facet.limit=-1&facet.field=post_date&q.op=OR&facet.mincount=1&facet=true} hits=4298 status=0 QTime=6
2023-04-05 11:20:20.208 INFO  (qtp917768476-27) [   x:stock_project_core] o.a.s.c.S.Request [stock_project_core]  webapp=/solr path=/select params={q=post_date:*&facet.limit=-1&facet.field=post_date&q.op=OR&facet.mincount=1&facet=true} hits=4298 status=0 QTime=5
2023-04-05 11:20:20.217 INFO  (qtp917768476-28) [   x:stock_project_core] o.a.s.c.S.Request [stock_project_core]  webapp=/solr path=/select params={q=post_date:*&facet.limit=-1&facet.field=post_date&q.op=OR&facet.mincount=1&facet=true} hits=4298 status=0 QTime=5
2023-04-05 11:20:23.072 INFO  (qtp917768476-26) [   x:stock_project_core] o.a.s.c.S.Request [stock_project_core]  webapp=/solr path=/select params={q=clean_text:"AAPL"&q.op=AND&fq=post_date:[2022-12-31T16:00:00.000Z+TO+2023-03-01T16:00:00.000Z]&rows=10000} hits=891 status=0 QTime=2
2023-04-05 11:29:44.199 INFO  (qtp917768476-48) [   x:stock_project_core] o.a.s.c.S.Request [stock_project_core]  webapp=/solr path=/select params={q=post_date:*&facet.limit=-1&facet.field=post_date&q.op=OR&facet.mincount=1&facet=true} hits=4298 status=0 QTime=5
2023-04-05 11:29:44.233 INFO  (qtp917768476-20) [   x:stock_project_core] o.a.s.c.S.Request [stock_project_core]  webapp=/solr path=/select params={q=post_date:*&facet.limit=-1&facet.field=post_date&q.op=OR&facet.mincount=1&facet=true} hits=4298 status=0 QTime=31
2023-04-05 11:29:46.491 INFO  (qtp917768476-27) [   x:stock_project_core] o.a.s.c.S.Request [stock_project_core]  webapp=/solr path=/select params={q=clean_text:"AAPL"&q.op=AND&fq=post_date:[2022-12-31T16:00:00.000Z+TO+2023-03-01T16:00:00.000Z]&rows=10000} hits=891 status=0 QTime=3
2023-04-05 11:30:20.130 INFO  (qtp917768476-20) [   x:stock_project_core] o.a.s.c.S.Request [stock_project_core]  webapp=/solr path=/select params={q=post_date:*&facet.limit=-1&facet.field=post_date&q.op=OR&facet.mincount=1&facet=true} hits=4298 status=0 QTime=5
2023-04-05 11:30:20.139 INFO  (qtp917768476-46) [   x:stock_project_core] o.a.s.c.S.Request [stock_project_core]  webapp=/solr path=/select params={q=post_date:*&facet.limit=-1&facet.field=post_date&q.op=OR&facet.mincount=1&facet=true} hits=4298 status=0 QTime=5
2023-04-05 11:30:25.054 INFO  (qtp917768476-26) [   x:stock_project_core] o.a.s.c.S.Request [stock_project_core]  webapp=/solr path=/select params={q=post_date:*&facet.limit=-1&facet.field=post_date&q.op=OR&facet.mincount=1&facet=true} hits=4298 status=0 QTime=5
2023-04-05 11:30:25.064 INFO  (qtp917768476-27) [   x:stock_project_core] o.a.s.c.S.Request [stock_project_core]  webapp=/solr path=/select params={q=post_date:*&facet.limit=-1&facet.field=post_date&q.op=OR&facet.mincount=1&facet=true} hits=4298 status=0 QTime=4
2023-04-05 11:30:32.580 INFO  (qtp917768476-20) [   x:stock_project_core] o.a.s.c.S.Request [stock_project_core]  webapp=/solr path=/select params={q=post_date:*&facet.limit=-1&facet.field=post_date&q.op=OR&facet.mincount=1&facet=true} hits=4298 status=0 QTime=4
2023-04-05 11:30:32.594 INFO  (qtp917768476-46) [   x:stock_project_core] o.a.s.c.S.Request [stock_project_core]  webapp=/solr path=/select params={q=post_date:*&facet.limit=-1&facet.field=post_date&q.op=OR&facet.mincount=1&facet=true} hits=4298 status=0 QTime=8
2023-04-05 11:34:11.000 INFO  (qtp917768476-28) [   x:stock_project_core] o.a.s.c.S.Request [stock_project_core]  webapp=/solr path=/select params={q=clean_text:"AAPL"&q.op=AND&fq=post_date:[2022-12-31T16:00:00.000Z+TO+2023-03-01T16:00:00.000Z]&rows=10000} hits=891 status=0 QTime=2
2023-04-05 12:48:31.184 INFO  (qtp917768476-48) [   x:stock_project_core] o.a.s.c.S.Request [stock_project_core]  webapp=/solr path=/select params={q=post_date:*&facet.limit=-1&facet.field=post_date&q.op=OR&facet.mincount=1&facet=true} hits=4298 status=0 QTime=19
2023-04-05 12:48:31.203 INFO  (qtp917768476-26) [   x:stock_project_core] o.a.s.c.S.Request [stock_project_core]  webapp=/solr path=/select params={q=post_date:*&facet.limit=-1&facet.field=post_date&q.op=OR&facet.mincount=1&facet=true} hits=4298 status=0 QTime=11
2023-04-05 12:48:35.756 INFO  (qtp917768476-49) [   x:stock_project_core] o.a.s.c.S.Request [stock_project_core]  webapp=/solr path=/select params={q=post_date:*&facet.limit=-1&facet.field=post_date&q.op=OR&facet.mincount=1&facet=true} hits=4298 status=0 QTime=11
2023-04-05 12:48:35.769 INFO  (qtp917768476-23) [   x:stock_project_core] o.a.s.c.S.Request [stock_project_core]  webapp=/solr path=/select params={q=post_date:*&facet.limit=-1&facet.field=post_date&q.op=OR&facet.mincount=1&facet=true} hits=4298 status=0 QTime=10
2023-04-05 12:48:40.126 INFO  (qtp917768476-28) [   x:stock_project_core] o.a.s.c.S.Request [stock_project_core]  webapp=/solr path=/select params={q=clean_text:"AAPL"&q.op=AND&fq=post_date:[2022-12-31T16:00:00.000Z+TO+2023-03-01T16:00:00.000Z]&rows=10000} hits=891 status=0 QTime=6
2023-04-05 12:52:50.625 INFO  (qtp917768476-25) [   x:stock_project_core] o.a.s.c.S.Request [stock_project_core]  webapp=/solr path=/select params={q=clean_text:"TSLA"&q.op=AND&fq=post_date:[2022-12-31T16:00:00.000Z+TO+2023-03-01T16:00:00.000Z]&rows=10000} hits=883 status=0 QTime=30
2023-04-05 12:52:57.551 INFO  (qtp917768476-27) [   x:stock_project_core] o.a.s.c.S.Request [stock_project_core]  webapp=/solr path=/select params={q=clean_text:"META"&q.op=AND&fq=post_date:[2022-12-31T16:00:00.000Z+TO+2023-03-01T16:00:00.000Z]&rows=10000} hits=152 status=0 QTime=3
2023-04-05 12:53:01.384 INFO  (qtp917768476-48) [   x:stock_project_core] o.a.s.c.S.Request [stock_project_core]  webapp=/solr path=/select params={q=clean_text:"GOOG"&q.op=AND&fq=post_date:[2022-12-31T16:00:00.000Z+TO+2023-03-01T16:00:00.000Z]&rows=10000} hits=313 status=0 QTime=3
2023-04-05 12:53:05.689 INFO  (qtp917768476-27) [   x:stock_project_core] o.a.s.c.S.Request [stock_project_core]  webapp=/solr path=/select params={q=clean_text:"AMZN"&q.op=AND&fq=post_date:[2022-12-31T16:00:00.000Z+TO+2023-03-01T16:00:00.000Z]&rows=10000} hits=836 status=0 QTime=3
2023-04-05 12:53:10.329 INFO  (qtp917768476-48) [   x:stock_project_core] o.a.s.c.S.Request [stock_project_core]  webapp=/solr path=/select params={q=clean_text:"MSFT"&q.op=AND&fq=post_date:[2022-12-31T16:00:00.000Z+TO+2023-03-01T16:00:00.000Z]&rows=10000} hits=896 status=0 QTime=2
